生成启动时间为 2019/10/19 18:51:16。
     1>项目“C:\Users\Administrator\Desktop\IOFins\IOFins\IOFins.vcxproj”在节点 2 上(Rebuild 个目标)。
     1>ClCompile:
         C:\Program Files (x86)\Microsoft Visual Studio 12.0\VC\bin\x86_amd64\CL.exe /c /Zi /nologo /W3 /WX- /O2 /Oi /GL /D WIN32 /D NDEBUG /D _WINDOWS /D IOFINS_EXPORTS /D _WINDLL /D _UNICODE /D UNICODE /D _AFXDLL /Gm- /EHsc /MD /GS /Gy /fp:precise /Zc:wchar_t /Zc:forScope /Yc"stdafx.h" /Fp"x64\Release\IOFins.pch" /Fo"x64\Release\\" /Fd"x64\Release\vc120.pdb" /Gd /TP /errorReport:prompt stdafx.cpp
         stdafx.cpp
         C:\Program Files (x86)\Microsoft Visual Studio 12.0\VC\bin\x86_amd64\CL.exe /c /Zi /nologo /W3 /WX- /O2 /Oi /GL /D WIN32 /D NDEBUG /D _WINDOWS /D IOFINS_EXPORTS /D _WINDLL /D _UNICODE /D UNICODE /D _AFXDLL /Gm- /EHsc /MD /GS /Gy /fp:precise /Zc:wchar_t /Zc:forScope /Fo"x64\Release\\" /Fd"x64\Release\vc120.pdb" /Gd /TP /errorReport:prompt dllmain.cpp
         dllmain.cpp
         C:\Program Files (x86)\Microsoft Visual Studio 12.0\VC\bin\x86_amd64\CL.exe /c /Zi /nologo /W3 /WX- /O2 /Oi /GL /D WIN32 /D NDEBUG /D _WINDOWS /D IOFINS_EXPORTS /D _WINDLL /D _UNICODE /D UNICODE /D _AFXDLL /Gm- /EHsc /MD /GS /Gy /fp:precise /Zc:wchar_t /Zc:forScope /Yu"stdafx.h" /Fp"x64\Release\IOFins.pch" /Fo"x64\Release\\" /Fd"x64\Release\vc120.pdb" /Gd /TP /errorReport:prompt IOFins.cpp
         IOFins.cpp
     1>IOFins.cpp(76): warning C4996: 'inet_addr': Use inet_pton() or InetPton() instead or define _WINSOCK_DEPRECATED_NO_WARNINGS to disable deprecated API warnings
                 C:\Program Files (x86)\Windows Kits\8.1\Include\um\winsock2.h(1850) : 参见“inet_addr”的声明
     1>IOFins.cpp(250): warning C4267: “初始化”: 从“size_t”转换到“int”，可能丢失数据
       ResourceCompile:
         C:\Program Files (x86)\Windows Kits\8.1\bin\x86\rc.exe /D _UNICODE /D UNICODE /D _AFXDLL /l"0x0409" /nologo /fo"x64\Release\IOFins.res" IOFins.rc 
       Link:
         C:\Program Files (x86)\Microsoft Visual Studio 12.0\VC\bin\x86_amd64\link.exe /ERRORREPORT:PROMPT /OUT:"C:\Users\Administrator\Desktop\IOFins\x64\Release\IOFins.dll" /INCREMENTAL:NO /NOLOGO /MANIFEST /MANIFESTUAC:"level='asInvoker' uiAccess='false'" /manifest:embed /manifestinput:"C:\Program Files (x86)\Microsoft Visual Studio 12.0\VC\Include\Manifest\dpiaware.manifest" /DEBUG /PDB:"C:\Users\Administrator\Desktop\IOFins\x64\Release\IOFins.pdb" /SUBSYSTEM:WINDOWS /OPT:REF /OPT:ICF /LTCG /TLBID:1 /DYNAMICBASE /NXCOMPAT /IMPLIB:"C:\Users\Administrator\Desktop\IOFins\x64\Release\IOFins.lib" /MACHINE:X64 /DLL x64\Release\IOFins.res
         x64\Release\dllmain.obj
         x64\Release\IOFins.obj
         x64\Release\stdafx.obj
            正在创建库 C:\Users\Administrator\Desktop\IOFins\x64\Release\IOFins.lib 和对象 C:\Users\Administrator\Desktop\IOFins\x64\Release\IOFins.exp
         正在生成代码
         已完成代码的生成
         IOFins.vcxproj -> C:\Users\Administrator\Desktop\IOFins\x64\Release\IOFins.dll
     1>已完成生成项目“C:\Users\Administrator\Desktop\IOFins\IOFins\IOFins.vcxproj”(Rebuild 个目标)的操作。

生成成功。

已用时间 00:00:05.49
