c:\users\administrator\desktop\iofins\iofins\release\iofins.pch
c:\users\administrator\desktop\iofins\iofins\release\vc120.pdb
c:\users\administrator\desktop\iofins\iofins\release\stdafx.obj
c:\users\administrator\desktop\iofins\iofins\release\dllmain.obj
c:\users\administrator\desktop\iofins\iofins\release\iofins.obj
c:\users\administrator\desktop\iofins\release\iofins.lib
c:\users\administrator\desktop\iofins\release\iofins.exp
c:\users\administrator\desktop\iofins\release\iofins.dll
c:\users\administrator\desktop\iofins\release\iofins.pdb
c:\users\administrator\desktop\iofins\iofins\release\iofins.res
c:\users\administrator\desktop\iofins\iofins\release\iofins.tlog\cl.command.1.tlog
c:\users\administrator\desktop\iofins\iofins\release\iofins.tlog\cl.read.1.tlog
c:\users\administrator\desktop\iofins\iofins\release\iofins.tlog\cl.write.1.tlog
c:\users\administrator\desktop\iofins\iofins\release\iofins.tlog\iofins.write.1u.tlog
c:\users\administrator\desktop\iofins\iofins\release\iofins.tlog\link.command.1.tlog
c:\users\administrator\desktop\iofins\iofins\release\iofins.tlog\link.read.1.tlog
c:\users\administrator\desktop\iofins\iofins\release\iofins.tlog\link.write.1.tlog
c:\users\administrator\desktop\iofins\iofins\release\iofins.tlog\rc.command.1.tlog
c:\users\administrator\desktop\iofins\iofins\release\iofins.tlog\rc.read.1.tlog
c:\users\administrator\desktop\iofins\iofins\release\iofins.tlog\rc.write.1.tlog
